This is pdfTeX, Version 3.14159265-2.6-1.40.18 (TeX Live 2017/Arch Linux) (preloaded format=pdflatex 2017.8.6)  14 NOV 2017 12:32
entering extended mode
 restricted \write18 enabled.
 %&-line parsing enabled.
**book.tex
(./book.tex
LaTeX2e <2017-04-15>
Babel <3.12> and hyphenation patterns for 84 language(s) loaded.
(/usr/share/texmf-dist/tex/latex/base/latex209.def
File: latex209.def 2015/02/22 v0.53 Standard LaTeX file


          Entering LaTeX 2.09 COMPATIBILITY MODE
 *************************************************************
    !!WARNING!!    !!WARNING!!    !!WARNING!!    !!WARNING!!   
 
 This mode attempts to provide an emulation of the LaTeX 2.09
 author environment so that OLD documents can be successfully
 processed. It should NOT be used for NEW documents!
 
 New documents should use Standard LaTeX conventions and start
 with the \documentclass command.
 
 Compatibility mode is UNLIKELY TO WORK with LaTeX 2.09 style
 files that change any internal macros, especially not with
 those that change the FONT SELECTION or OUTPUT ROUTINES.
 
 Therefore such style files MUST BE UPDATED to use
          Current Standard LaTeX: LaTeX2e.
 If you suspect that you may be using such a style file, which
 is probably very, very old by now, then you should attempt to
 get it updated by sending a copy of this error message to the
 author of that file.
 *************************************************************

\footheight=\dimen102
\@maxsep=\dimen103
\@dblmaxsep=\dimen104
\@cla=\count79
\@clb=\count80
\mscount=\count81
(/usr/share/texmf-dist/tex/latex/base/tracefnt.sty
Package: tracefnt 2015/02/21 v3.0k Standard LaTeX package (font tracing)
\tracingfonts=\count82
LaTeX Info: Redefining \selectfont on input line 106.
)
\symbold=\mathgroup4
\symsans=\mathgroup5
\symtypewriter=\mathgroup6
\symitalic=\mathgroup7
\symsmallcaps=\mathgroup8
\symslanted=\mathgroup9
LaTeX Font Info:    Redeclaring math alphabet \mathbf on input line 268.
LaTeX Font Info:    Redeclaring math alphabet \mathsf on input line 269.
LaTeX Font Info:    Redeclaring math alphabet \mathtt on input line 270.
LaTeX Font Info:    Redeclaring math alphabet \mathit on input line 276.
LaTeX Info: Redefining \em on input line 286.

(/usr/share/texmf-dist/tex/latex/base/latexsym.sty
Package: latexsym 1998/08/17 v2.2e Standard LaTeX package (lasy symbols)
\symlasy=\mathgroup10
LaTeX Font Info:    Overwriting symbol font `lasy' in version `bold'
(Font)                  U/lasy/m/n --> U/lasy/b/n on input line 52.
)
LaTeX Font Info:    Redeclaring math delimiter \lgroup on input line 332.
LaTeX Font Info:    Redeclaring math delimiter \rgroup on input line 334.
LaTeX Font Info:    Redeclaring math delimiter \bracevert on input line 336.
)
(/usr/share/texmf-dist/tex/latex/base/book.cls
Document Class: book 2014/09/29 v1.4h Standard LaTeX document class
(/usr/share/texmf-dist/tex/latex/base/bk12.clo
File: bk12.clo 2014/09/29 v1.4h Standard LaTeX file (size option)
)
\c@part=\count83
\c@chapter=\count84
\c@section=\count85
\c@subsection=\count86
\c@subsubsection=\count87
\c@paragraph=\count88
\c@subparagraph=\count89
\c@figure=\count90
\c@table=\count91
\abovecaptionskip=\skip41
\belowcaptionskip=\skip42
Compatibility mode: definition of \rm ignored.
Compatibility mode: definition of \sf ignored.
Compatibility mode: definition of \tt ignored.
Compatibility mode: definition of \bf ignored.
Compatibility mode: definition of \it ignored.
Compatibility mode: definition of \sl ignored.
Compatibility mode: definition of \sc ignored.
LaTeX Info: Redefining \cal on input line 582.
LaTeX Info: Redefining \mit on input line 583.
\bibindent=\dimen105
)

! LaTeX Error: File `psfig.sty' not found.

Type X to quit or <RETURN> to proceed,
or enter new name. (Default extension: sty)

Enter file name: 
(/usr/share/texmf-dist/tex/latex/base/makeidx.sty
Package: makeidx 2014/09/29 v1.0m Standard LaTeX package
)
\c@ccounter=\count92
\c@THM=\count93
\c@thm=\count94
\c@exercise=\count95
\c@help=\count96
\@indexfile=\write3
\openout3 = `book.idx'.


Writing index file book.idx
No file book.aux.
\openout1 = `book.aux'.

LaTeX Font Info:    Checking defaults for OML/cmm/m/it on input line 138.
LaTeX Font Info:    ... okay on input line 138.
LaTeX Font Info:    Checking defaults for T1/cmr/m/n on input line 138.
LaTeX Font Info:    ... okay on input line 138.
LaTeX Font Info:    Checking defaults for OT1/cmr/m/n on input line 138.
LaTeX Font Info:    ... okay on input line 138.
LaTeX Font Info:    Checking defaults for OMS/cmsy/m/n on input line 138.
LaTeX Font Info:    ... okay on input line 138.
LaTeX Font Info:    Checking defaults for OMX/cmex/m/n on input line 138.
LaTeX Font Info:    ... okay on input line 138.
LaTeX Font Info:    Checking defaults for U/cmr/m/n on input line 138.
LaTeX Font Info:    ... okay on input line 138.
LaTeX Font Info:    External font `cmex10' loaded for size
(Font)              <14.4> on input line 140.
LaTeX Font Info:    External font `cmex10' loaded for size
(Font)              <7> on input line 140.
LaTeX Font Info:    Try loading font information for U+lasy on input line 140.
(/usr/share/texmf-dist/tex/latex/base/ulasy.fd
File: ulasy.fd 1998/08/17 v2.2e LaTeX symbol font definitions
)
LaTeX Font Info:    Try loading font information for OMS+cmr on input line 140.


(/usr/share/texmf-dist/tex/latex/base/omscmr.fd
File: omscmr.fd 2014/09/29 v2.5h Standard LaTeX font definitions
)
LaTeX Font Info:    Font shape `OMS/cmr/m/n' in size <14.4> not available
(Font)              Font shape `OMS/cmsy/m/n' tried instead on input line 140.
LaTeX Font Info:    External font `cmex10' loaded for size
(Font)              <10.95> on input line 140.
LaTeX Font Info:    External font `cmex10' loaded for size
(Font)              <8> on input line 140.
LaTeX Font Info:    External font `cmex10' loaded for size
(Font)              <6> on input line 140.
 [0


{/var/lib/texmf/fonts/map/pdftex/updmap/pdftex.map}]
No file book.toc.
\tf@toc=\write4
\openout4 = `book.toc'.

[1

]
\openout2 = `preface.aux'.

 (./preface.tex
LaTeX Font Info:    External font `cmex10' loaded for size
(Font)              <12> on input line 6.
LaTeX Font Info:    External font `cmex10' loaded for size
(Font)              <5> on input line 7.
 [2

]

LaTeX Warning: Reference `C:HDS' on page iii undefined on input line 54.

[3]

LaTeX Warning: Reference `F:depdiag' on page iv undefined on input line 94.


LaTeX Warning: Reference `Chap:LinTrans' on page iv undefined on input line 97.



LaTeX Warning: Reference `C:BT' on page iv undefined on input line 97.


LaTeX Warning: Reference `ch:NumSolODE' on page iv undefined on input line 98.

! Undefined control sequence.
<argument> \psfig 
                  {file=figures/depdiag.eps}
l.102      \psfig{file=figures/depdiag.eps}}
                                            
? 

LaTeX Warning: Reference `chap:prelim' on page iv undefined on input line 109.


LaTeX Warning: Reference `chap:matrices' on page iv undefined on input line 109
.


LaTeX Warning: Reference `chap:prelim' on page iv undefined on input line 111.


LaTeX Warning: Reference `chap:prelim' on page iv undefined on input line 114.


LaTeX Warning: Reference `lineq' on page iv undefined on input line 116.


LaTeX Warning: Reference `S:uniquerowechelon' on page iv undefined on input lin
e 121.


LaTeX Warning: Reference `chap:matrices' on page iv undefined on input line 124
.

[4]

LaTeX Warning: Reference `chap:SolveOdes' on page v undefined on input line 135
.


LaTeX Warning: Reference `chap:SolveOdes' on page v undefined on input line 141
.


LaTeX Warning: Reference `chap:SolveOdes' on page v undefined on input line 155
.


LaTeX Warning: Reference `S:growthmodels' on page v undefined on input line 161
.


LaTeX Warning: Reference `C:vectorspaces' on page v undefined on input line 165
.


LaTeX Warning: Reference `S:5.6' on page v undefined on input line 171.

[5]

LaTeX Warning: Reference `Chap:Planar' on page vi undefined on input line 175.


LaTeX Warning: Reference `Chap:PlanarQ' on page vi undefined on input line 175.



LaTeX Warning: Reference `C:NPS' on page vi undefined on input line 175.


LaTeX Warning: Reference `C:BT' on page vi undefined on input line 175.


LaTeX Warning: Reference `Chap:Planar' on page vi undefined on input line 181.


LaTeX Warning: Reference `Chap:PlanarQ' on page vi undefined on input line 191.



LaTeX Warning: Reference `chap:matrices' on page vi undefined on input line 192
.


LaTeX Warning: Reference `Chap:Planar' on page vi undefined on input line 193.


LaTeX Warning: Reference `C:NPS' on page vi undefined on input line 195.


LaTeX Warning: Reference `C:BT' on page vi undefined on input line 203.


LaTeX Warning: Reference `C:NPS' on page vi undefined on input line 210.


LaTeX Warning: Reference `C:BT' on page vi undefined on input line 210.

[6]

LaTeX Warning: Reference `C:D&E' on page vii undefined on input line 222.


LaTeX Warning: Reference `C:LMCC' on page vii undefined on input line 222.


LaTeX Warning: Reference `Chap:LinTrans' on page vii undefined on input line 22
2.


LaTeX Warning: Reference `C:HDeigenvalues' on page vii undefined on input line 
222.


LaTeX Warning: Reference `Chap:Planar' on page vii undefined on input line 223.



LaTeX Warning: Reference `C:D&E' on page vii undefined on input line 223.


LaTeX Warning: Reference `C:LMCC' on page vii undefined on input line 225.


LaTeX Warning: Reference `Sect:linmap' on page vii undefined on input line 228.



LaTeX Warning: Reference `S:5.8' on page vii undefined on input line 228.


LaTeX Warning: Reference `C:vectorspaces' on page vii undefined on input line 2
29.


LaTeX Warning: Reference `S:coordinates' on page vii undefined on input line 23
0.


LaTeX Warning: Reference `Chap:Planar' on page vii undefined on input line 231.



LaTeX Warning: Reference `Chap:LinTrans' on page vii undefined on input line 23
5.


LaTeX Warning: Reference `C:HDeigenvalues' on page vii undefined on input line 
239.


LaTeX Warning: Reference `C:HDS' on page vii undefined on input line 245.


LaTeX Warning: Reference `C:HDeigenvalues' on page vii undefined on input line 
250.

[7]

LaTeX Warning: Reference `C:LDE' on page viii undefined on input line 258.


LaTeX Warning: Reference `C:LT' on page viii undefined on input line 258.


LaTeX Warning: Reference `chap:SingleOdes' on page viii undefined on input line
 258.


LaTeX Warning: Reference `ch:NumSolODE' on page viii undefined on input line 25
8.


LaTeX Warning: Reference `C:LDE' on page viii undefined on input line 260.


LaTeX Warning: Reference `C:LT' on page viii undefined on input line 266.


LaTeX Warning: Reference `C:vectorspaces' on page viii undefined on input line 
269.


LaTeX Warning: Reference `chap:matrices' on page viii undefined on input line 2
70.


LaTeX Warning: Reference `chap:SingleOdes' on page viii undefined on input line
 272.


LaTeX Warning: Reference `ch:NumSolODE' on page viii undefined on input line 27
9.


LaTeX Warning: Reference `chap:SolveOdes' on page viii undefined on input line 
281.

[8]) [9]
\openout2 = `c1.aux'.

 (./c1.tex
Chapter 1.

LaTeX Warning: Reference `S:1.1' on page 1 undefined on input line 13.


LaTeX Warning: Reference `S:1.2' on page 1 undefined on input line 15.


LaTeX Warning: Reference `S:1.3' on page 1 undefined on input line 18.


Underfull \vbox (badness 10000) has occurred while \output is active []

 [1



]
[2]

LaTeX Warning: Reference `c1.1.1A' on page 3 undefined on input line 126.


LaTeX Warning: Reference `c1.1.1C' on page 3 undefined on input line 126.

[3]

LaTeX Warning: Reference `c1.1.3a' on page 4 undefined on input line 153.


LaTeX Warning: Reference `c1.1.3e' on page 4 undefined on input line 153.


LaTeX Warning: Reference `c1.1.4A' on page 4 undefined on input line 173.


LaTeX Warning: Reference `c1.1.4B' on page 4 undefined on input line 173.

[4] [5] [6] [7]

LaTeX Warning: Reference `c1.2.3a' on page 8 undefined on input line 389.


LaTeX Warning: Reference `c1.2.3b' on page 8 undefined on input line 389.

[8]

LaTeX Warning: Reference `c1.2.4a' on page 9 undefined on input line 399.


LaTeX Warning: Reference `c1.2.4b' on page 9 undefined on input line 399.

LaTeX Font Info:    Font shape `OMS/cmr/m/n' in size <10.95> not available
(Font)              Font shape `OMS/cmsy/m/n' tried instead on input line 425.
[9] [10]

LaTeX Warning: Reference `c1.1.01a' on page 11 undefined on input line 521.


LaTeX Warning: Reference `c1.1.01e' on page 11 undefined on input line 521.


LaTeX Warning: Reference `c1.1.02a' on page 11 undefined on input line 545.


LaTeX Warning: Reference `c1.1.02e' on page 11 undefined on input line 545.

[11]

LaTeX Warning: Reference `c1.3.1a' on page 12 undefined on input line 575.


LaTeX Warning: Reference `c1.3.3c' on page 12 undefined on input line 575.


LaTeX Warning: Reference `c1.3.4a' on page 12 undefined on input line 600.


LaTeX Warning: Reference `c1.3.4c' on page 12 undefined on input line 600.

[12] [13]

LaTeX Warning: Reference `F:vec2' on page 14 undefined on input line 661.

! Undefined control sequence.
<argument> \psfig 
                  {file=figures/vec2.eps,width=2.5in}
l.665 ...psfig{file=figures/vec2.eps,width=2.5in}}
                                                  
? 

LaTeX Warning: Reference `F:vec3' on page 14 undefined on input line 680.

! Undefined control sequence.
<argument> \psfig 
                  {file=figures/vec3.eps,width=3.0in}
l.687 ...psfig{file=figures/vec3.eps,width=3.0in}}
                                                  
? 
[14]

LaTeX Warning: Reference `c1.4.9A' on page 15 undefined on input line 725.

[15]

LaTeX Warning: Reference `dotprod=0' on page 16 undefined on input line 774.


LaTeX Warning: Reference `T:dotangle' on page 16 undefined on input line 776.


LaTeX Warning: Reference `F:costri' on page 16 undefined on input line 786.

! Undefined control sequence.
<argument> \psfig 
                  {file=figures/costri.eps,height=2.0in}
l.790 ...ig{file=figures/costri.eps,height=2.0in}}
                                                  
? X
 
Here is how much of TeX's memory you used:
 625 strings out of 492990
 6771 string characters out of 6138689
 65837 words of memory out of 5000000
 4212 multiletter control sequences out of 15000+600000
 24815 words of font info for 90 fonts, out of 8000000 for 9000
 1141 hyphenation exceptions out of 8191
 25i,11n,21p,173b,264s stack positions out of 5000i,500n,10000p,200000b,80000s
</usr/share/texmf-dist/fonts/type1/public/amsfonts/cm/cmbx10.pfb></usr/share/te
xmf-dist/fonts/type1/public/amsfonts/cm/cmbx12.pfb></usr/share/texmf-dist/fonts
/type1/public/amsfonts/cm/cmex10.pfb></usr/share/texmf-dist/fonts/type1/public/
amsfonts/cm/cmmi10.pfb></usr/share/texmf-dist/fonts/type1/public/amsfonts/cm/cm
mi12.pfb></usr/share/texmf-dist/fonts/type1/public/amsfonts/cm/cmmi8.pfb></usr/
share/texmf-dist/fonts/type1/public/amsfonts/cm/cmr10.pfb></usr/share/texmf-dis
t/fonts/type1/public/amsfonts/cm/cmr12.pfb></usr/share/texmf-dist/fonts/type1/p
ublic/amsfonts/cm/cmr17.pfb></usr/share/texmf-dist/fonts/type1/public/amsfonts/
cm/cmr7.pfb></usr/share/texmf-dist/fonts/type1/public/amsfonts/cm/cmr8.pfb></us
r/share/texmf-dist/fonts/type1/public/amsfonts/cm/cmsl12.pfb></usr/share/texmf-
dist/fonts/type1/public/amsfonts/cm/cmss12.pfb></usr/share/texmf-dist/fonts/typ
e1/public/amsfonts/cm/cmsy10.pfb></usr/share/texmf-dist/fonts/type1/public/amsf
onts/cm/cmsy8.pfb></usr/share/texmf-dist/fonts/type1/public/amsfonts/cm/cmti10.
pfb></usr/share/texmf-dist/fonts/type1/public/amsfonts/cm/cmti12.pfb></usr/shar
e/texmf-dist/fonts/type1/public/amsfonts/cm/cmtt10.pfb>
Output written on book.pdf (25 pages, 268947 bytes).
PDF statistics:
 158 PDF objects out of 1000 (max. 8388607)
 111 compressed objects within 2 object streams
 0 named destinations out of 1000 (max. 500000)
 1 words of extra memory for PDF output out of 10000 (max. 10000000)

